{
  message: 'need token',
  time: 1665247436290,
  code: 408,
  stackTrace: {
    stack: 'TokenError: need token\n' +
      '    at _callee$ (/server/src/middlewares/checkToken.js:10:17)\n' +
      '    at tryCatch (/server/node_modules/regenerator-runtime/runtime.js:63:40)\n' +
      '    at Generator.invoke [as _invoke] (/server/node_modules/regenerator-runtime/runtime.js:293:22)\n' +
      '    at Generator.next (/server/node_modules/regenerator-runtime/runtime.js:118:21)\n' +
      '    at asyncGeneratorStep (/server/src/middlewares/checkToken.js:3:103)\n' +
      '    at _next (/server/src/middlewares/checkToken.js:5:194)\n' +
      '    at /server/src/middlewares/checkToken.js:5:364\n' +
      '    at new Promise (<anonymous>)\n' +
      '    at /server/src/middlewares/checkToken.js:5:97\n' +
      '    at /server/src/middlewares/checkToken.js:7:1\n' +
      '    at Layer.handle [as handle_request] (/server/node_modules/express/lib/router/layer.js:95:5)\n' +
      '    at next (/server/node_modules/express/lib/router/route.js:137:13)\n' +
      '    at Route.dispatch (/server/node_modules/express/lib/router/route.js:112:3)\n' +
      '    at Layer.handle [as handle_request] (/server/node_modules/express/lib/router/layer.js:95:5)\n' +
      '    at /server/node_modules/express/lib/router/index.js:281:22\n' +
      '    at Function.process_params (/server/node_modules/express/lib/router/index.js:335:12)'
  }
}{
  message: 'token error',
  time: 1665252189090,
  code: 408,
  stackTrace: {
    stack: 'TokenError: token error\n' +
      '    at _callee2$ (/server/src/middlewares/checkToken.js:40:10)\n' +
      '    at tryCatch (/server/node_modules/regenerator-runtime/runtime.js:63:40)\n' +
      '    at Generator.invoke [as _invoke] (/server/node_modules/regenerator-runtime/runtime.js:293:22)\n' +
      '    at Generator.next (/server/node_modules/regenerator-runtime/runtime.js:118:21)\n' +
      '    at asyncGeneratorStep (/server/src/middlewares/checkToken.js:3:103)\n' +
      '    at _next (/server/src/middlewares/checkToken.js:5:194)\n' +
      '    at /server/src/middlewares/checkToken.js:5:364\n' +
      '    at new Promise (<anonymous>)\n' +
      '    at /server/src/middlewares/checkToken.js:5:97\n' +
      '    at /server/src/middlewares/checkToken.js:31:1\n' +
      '    at Layer.handle [as handle_request] (/server/node_modules/express/lib/router/layer.js:95:5)\n' +
      '    at next (/server/node_modules/express/lib/router/route.js:137:13)\n' +
      '    at Route.dispatch (/server/node_modules/express/lib/router/route.js:112:3)\n' +
      '    at Layer.handle [as handle_request] (/server/node_modules/express/lib/router/layer.js:95:5)\n' +
      '    at /server/node_modules/express/lib/router/index.js:281:22\n' +
      '    at Function.process_params (/server/node_modules/express/lib/router/index.js:335:12)'
  }
}{
  message: 'token error',
  time: 1665252189098,
  code: 408,
  stackTrace: {
    stack: 'TokenError: token error\n' +
      '    at _callee$ (/server/src/middlewares/checkToken.js:27:10)\n' +
      '    at tryCatch (/server/node_modules/regenerator-runtime/runtime.js:63:40)\n' +
      '    at Generator.invoke [as _invoke] (/server/node_modules/regenerator-runtime/runtime.js:293:22)\n' +
      '    at Generator.next (/server/node_modules/regenerator-runtime/runtime.js:118:21)\n' +
      '    at asyncGeneratorStep (/server/src/middlewares/checkToken.js:3:103)\n' +
      '    at _next (/server/src/middlewares/checkToken.js:5:194)\n' +
      '    at /server/src/middlewares/checkToken.js:5:364\n' +
      '    at new Promise (<anonymous>)\n' +
      '    at /server/src/middlewares/checkToken.js:5:97\n' +
      '    at /server/src/middlewares/checkToken.js:7:1\n' +
      '    at Layer.handle [as handle_request] (/server/node_modules/express/lib/router/layer.js:95:5)\n' +
      '    at next (/server/node_modules/express/lib/router/route.js:137:13)\n' +
      '    at Route.dispatch (/server/node_modules/express/lib/router/route.js:112:3)\n' +
      '    at Layer.handle [as handle_request] (/server/node_modules/express/lib/router/layer.js:95:5)\n' +
      '    at /server/node_modules/express/lib/router/index.js:281:22\n' +
      '    at Function.process_params (/server/node_modules/express/lib/router/index.js:335:12)'
  }
}{
  message: 'token error',
  time: 1665252189107,
  code: 408,
  stackTrace: {
    stack: 'TokenError: token error\n' +
      '    at _callee2$ (/server/src/middlewares/checkToken.js:40:10)\n' +
      '    at tryCatch (/server/node_modules/regenerator-runtime/runtime.js:63:40)\n' +
      '    at Generator.invoke [as _invoke] (/server/node_modules/regenerator-runtime/runtime.js:293:22)\n' +
      '    at Generator.next (/server/node_modules/regenerator-runtime/runtime.js:118:21)\n' +
      '    at asyncGeneratorStep (/server/src/middlewares/checkToken.js:3:103)\n' +
      '    at _next (/server/src/middlewares/checkToken.js:5:194)\n' +
      '    at /server/src/middlewares/checkToken.js:5:364\n' +
      '    at new Promise (<anonymous>)\n' +
      '    at /server/src/middlewares/checkToken.js:5:97\n' +
      '    at /server/src/middlewares/checkToken.js:31:1\n' +
      '    at Layer.handle [as handle_request] (/server/node_modules/express/lib/router/layer.js:95:5)\n' +
      '    at next (/server/node_modules/express/lib/router/route.js:137:13)\n' +
      '    at Route.dispatch (/server/node_modules/express/lib/router/route.js:112:3)\n' +
      '    at Layer.handle [as handle_request] (/server/node_modules/express/lib/router/layer.js:95:5)\n' +
      '    at /server/node_modules/express/lib/router/index.js:281:22\n' +
      '    at Function.process_params (/server/node_modules/express/lib/router/index.js:335:12)'
  }
}{
  message: 'token error',
  time: 1665252189119,
  code: 408,
  stackTrace: {
    stack: 'TokenError: token error\n' +
      '    at _callee2$ (/server/src/middlewares/checkToken.js:40:10)\n' +
      '    at tryCatch (/server/node_modules/regenerator-runtime/runtime.js:63:40)\n' +
      '    at Generator.invoke [as _invoke] (/server/node_modules/regenerator-runtime/runtime.js:293:22)\n' +
      '    at Generator.next (/server/node_modules/regenerator-runtime/runtime.js:118:21)\n' +
      '    at asyncGeneratorStep (/server/src/middlewares/checkToken.js:3:103)\n' +
      '    at _next (/server/src/middlewares/checkToken.js:5:194)\n' +
      '    at /server/src/middlewares/checkToken.js:5:364\n' +
      '    at new Promise (<anonymous>)\n' +
      '    at /server/src/middlewares/checkToken.js:5:97\n' +
      '    at /server/src/middlewares/checkToken.js:31:1\n' +
      '    at Layer.handle [as handle_request] (/server/node_modules/express/lib/router/layer.js:95:5)\n' +
      '    at next (/server/node_modules/express/lib/router/route.js:137:13)\n' +
      '    at Route.dispatch (/server/node_modules/express/lib/router/route.js:112:3)\n' +
      '    at Layer.handle [as handle_request] (/server/node_modules/express/lib/router/layer.js:95:5)\n' +
      '    at /server/node_modules/express/lib/router/index.js:281:22\n' +
      '    at Function.process_params (/server/node_modules/express/lib/router/index.js:335:12)'
  }
}{
  message: 'token error',
  time: 1665252189126,
  code: 408,
  stackTrace: {
    stack: 'TokenError: token error\n' +
      '    at _callee$ (/server/src/middlewares/checkToken.js:27:10)\n' +
      '    at tryCatch (/server/node_modules/regenerator-runtime/runtime.js:63:40)\n' +
      '    at Generator.invoke [as _invoke] (/server/node_modules/regenerator-runtime/runtime.js:293:22)\n' +
      '    at Generator.next (/server/node_modules/regenerator-runtime/runtime.js:118:21)\n' +
      '    at asyncGeneratorStep (/server/src/middlewares/checkToken.js:3:103)\n' +
      '    at _next (/server/src/middlewares/checkToken.js:5:194)\n' +
      '    at /server/src/middlewares/checkToken.js:5:364\n' +
      '    at new Promise (<anonymous>)\n' +
      '    at /server/src/middlewares/checkToken.js:5:97\n' +
      '    at /server/src/middlewares/checkToken.js:7:1\n' +
      '    at Layer.handle [as handle_request] (/server/node_modules/express/lib/router/layer.js:95:5)\n' +
      '    at next (/server/node_modules/express/lib/router/route.js:137:13)\n' +
      '    at Route.dispatch (/server/node_modules/express/lib/router/route.js:112:3)\n' +
      '    at Layer.handle [as handle_request] (/server/node_modules/express/lib/router/layer.js:95:5)\n' +
      '    at /server/node_modules/express/lib/router/index.js:281:22\n' +
      '    at Function.process_params (/server/node_modules/express/lib/router/index.js:335:12)'
  }
}{
  message: 'token error',
  time: 1665252189131,
  code: 408,
  stackTrace: {
    stack: 'TokenError: token error\n' +
      '    at _callee2$ (/server/src/middlewares/checkToken.js:40:10)\n' +
      '    at tryCatch (/server/node_modules/regenerator-runtime/runtime.js:63:40)\n' +
      '    at Generator.invoke [as _invoke] (/server/node_modules/regenerator-runtime/runtime.js:293:22)\n' +
      '    at Generator.next (/server/node_modules/regenerator-runtime/runtime.js:118:21)\n' +
      '    at asyncGeneratorStep (/server/src/middlewares/checkToken.js:3:103)\n' +
      '    at _next (/server/src/middlewares/checkToken.js:5:194)\n' +
      '    at /server/src/middlewares/checkToken.js:5:364\n' +
      '    at new Promise (<anonymous>)\n' +
      '    at /server/src/middlewares/checkToken.js:5:97\n' +
      '    at /server/src/middlewares/checkToken.js:31:1\n' +
      '    at Layer.handle [as handle_request] (/server/node_modules/express/lib/router/layer.js:95:5)\n' +
      '    at next (/server/node_modules/express/lib/router/route.js:137:13)\n' +
      '    at Route.dispatch (/server/node_modules/express/lib/router/route.js:112:3)\n' +
      '    at Layer.handle [as handle_request] (/server/node_modules/express/lib/router/layer.js:95:5)\n' +
      '    at /server/node_modules/express/lib/router/index.js:281:22\n' +
      '    at Function.process_params (/server/node_modules/express/lib/router/index.js:335:12)'
  }
}{
  message: 'token error',
  time: 1665252361086,
  code: 408,
  stackTrace: {
    stack: 'TokenError: token error\n' +
      '    at _callee$ (/server/src/middlewares/checkToken.js:27:10)\n' +
      '    at tryCatch (/server/node_modules/regenerator-runtime/runtime.js:63:40)\n' +
      '    at Generator.invoke [as _invoke] (/server/node_modules/regenerator-runtime/runtime.js:293:22)\n' +
      '    at Generator.next (/server/node_modules/regenerator-runtime/runtime.js:118:21)\n' +
      '    at asyncGeneratorStep (/server/src/middlewares/checkToken.js:3:103)\n' +
      '    at _next (/server/src/middlewares/checkToken.js:5:194)\n' +
      '    at /server/src/middlewares/checkToken.js:5:364\n' +
      '    at new Promise (<anonymous>)\n' +
      '    at /server/src/middlewares/checkToken.js:5:97\n' +
      '    at /server/src/middlewares/checkToken.js:7:1\n' +
      '    at Layer.handle [as handle_request] (/server/node_modules/express/lib/router/layer.js:95:5)\n' +
      '    at next (/server/node_modules/express/lib/router/route.js:137:13)\n' +
      '    at Route.dispatch (/server/node_modules/express/lib/router/route.js:112:3)\n' +
      '    at Layer.handle [as handle_request] (/server/node_modules/express/lib/router/layer.js:95:5)\n' +
      '    at /server/node_modules/express/lib/router/index.js:281:22\n' +
      '    at Function.process_params (/server/node_modules/express/lib/router/index.js:335:12)'
  }
}{
  message: 'token error',
  time: 1665252361097,
  code: 408,
  stackTrace: {
    stack: 'TokenError: token error\n' +
      '    at _callee$ (/server/src/middlewares/checkToken.js:27:10)\n' +
      '    at tryCatch (/server/node_modules/regenerator-runtime/runtime.js:63:40)\n' +
      '    at Generator.invoke [as _invoke] (/server/node_modules/regenerator-runtime/runtime.js:293:22)\n' +
      '    at Generator.next (/server/node_modules/regenerator-runtime/runtime.js:118:21)\n' +
      '    at asyncGeneratorStep (/server/src/middlewares/checkToken.js:3:103)\n' +
      '    at _next (/server/src/middlewares/checkToken.js:5:194)\n' +
      '    at /server/src/middlewares/checkToken.js:5:364\n' +
      '    at new Promise (<anonymous>)\n' +
      '    at /server/src/middlewares/checkToken.js:5:97\n' +
      '    at /server/src/middlewares/checkToken.js:7:1\n' +
      '    at Layer.handle [as handle_request] (/server/node_modules/express/lib/router/layer.js:95:5)\n' +
      '    at next (/server/node_modules/express/lib/router/route.js:137:13)\n' +
      '    at Route.dispatch (/server/node_modules/express/lib/router/route.js:112:3)\n' +
      '    at Layer.handle [as handle_request] (/server/node_modules/express/lib/router/layer.js:95:5)\n' +
      '    at /server/node_modules/express/lib/router/index.js:281:22\n' +
      '    at Function.process_params (/server/node_modules/express/lib/router/index.js:335:12)'
  }
}{
  message: 'token error',
  time: 1665252411745,
  code: 408,
  stackTrace: {
    stack: 'TokenError: token error\n' +
      '    at _callee$ (/server/src/middlewares/checkToken.js:27:10)\n' +
      '    at tryCatch (/server/node_modules/regenerator-runtime/runtime.js:63:40)\n' +
      '    at Generator.invoke [as _invoke] (/server/node_modules/regenerator-runtime/runtime.js:293:22)\n' +
      '    at Generator.next (/server/node_modules/regenerator-runtime/runtime.js:118:21)\n' +
      '    at asyncGeneratorStep (/server/src/middlewares/checkToken.js:3:103)\n' +
      '    at _next (/server/src/middlewares/checkToken.js:5:194)\n' +
      '    at /server/src/middlewares/checkToken.js:5:364\n' +
      '    at new Promise (<anonymous>)\n' +
      '    at /server/src/middlewares/checkToken.js:5:97\n' +
      '    at /server/src/middlewares/checkToken.js:7:1\n' +
      '    at Layer.handle [as handle_request] (/server/node_modules/express/lib/router/layer.js:95:5)\n' +
      '    at next (/server/node_modules/express/lib/router/route.js:137:13)\n' +
      '    at Route.dispatch (/server/node_modules/express/lib/router/route.js:112:3)\n' +
      '    at Layer.handle [as handle_request] (/server/node_modules/express/lib/router/layer.js:95:5)\n' +
      '    at /server/node_modules/express/lib/router/index.js:281:22\n' +
      '    at Function.process_params (/server/node_modules/express/lib/router/index.js:335:12)'
  }
}{
  message: 'token error',
  time: 1665252411750,
  code: 408,
  stackTrace: {
    stack: 'TokenError: token error\n' +
      '    at _callee$ (/server/src/middlewares/checkToken.js:27:10)\n' +
      '    at tryCatch (/server/node_modules/regenerator-runtime/runtime.js:63:40)\n' +
      '    at Generator.invoke [as _invoke] (/server/node_modules/regenerator-runtime/runtime.js:293:22)\n' +
      '    at Generator.next (/server/node_modules/regenerator-runtime/runtime.js:118:21)\n' +
      '    at asyncGeneratorStep (/server/src/middlewares/checkToken.js:3:103)\n' +
      '    at _next (/server/src/middlewares/checkToken.js:5:194)\n' +
      '    at /server/src/middlewares/checkToken.js:5:364\n' +
      '    at new Promise (<anonymous>)\n' +
      '    at /server/src/middlewares/checkToken.js:5:97\n' +
      '    at /server/src/middlewares/checkToken.js:7:1\n' +
      '    at Layer.handle [as handle_request] (/server/node_modules/express/lib/router/layer.js:95:5)\n' +
      '    at next (/server/node_modules/express/lib/router/route.js:137:13)\n' +
      '    at Route.dispatch (/server/node_modules/express/lib/router/route.js:112:3)\n' +
      '    at Layer.handle [as handle_request] (/server/node_modules/express/lib/router/layer.js:95:5)\n' +
      '    at /server/node_modules/express/lib/router/index.js:281:22\n' +
      '    at Function.process_params (/server/node_modules/express/lib/router/index.js:335:12)'
  }
}{
  message: 'token error',
  time: 1665252421177,
  code: 408,
  stackTrace: {
    stack: 'TokenError: token error\n' +
      '    at _callee$ (/server/src/middlewares/checkToken.js:27:10)\n' +
      '    at tryCatch (/server/node_modules/regenerator-runtime/runtime.js:63:40)\n' +
      '    at Generator.invoke [as _invoke] (/server/node_modules/regenerator-runtime/runtime.js:293:22)\n' +
      '    at Generator.next (/server/node_modules/regenerator-runtime/runtime.js:118:21)\n' +
      '    at asyncGeneratorStep (/server/src/middlewares/checkToken.js:3:103)\n' +
      '    at _next (/server/src/middlewares/checkToken.js:5:194)\n' +
      '    at /server/src/middlewares/checkToken.js:5:364\n' +
      '    at new Promise (<anonymous>)\n' +
      '    at /server/src/middlewares/checkToken.js:5:97\n' +
      '    at /server/src/middlewares/checkToken.js:7:1\n' +
      '    at Layer.handle [as handle_request] (/server/node_modules/express/lib/router/layer.js:95:5)\n' +
      '    at next (/server/node_modules/express/lib/router/route.js:137:13)\n' +
      '    at Route.dispatch (/server/node_modules/express/lib/router/route.js:112:3)\n' +
      '    at Layer.handle [as handle_request] (/server/node_modules/express/lib/router/layer.js:95:5)\n' +
      '    at /server/node_modules/express/lib/router/index.js:281:22\n' +
      '    at Function.process_params (/server/node_modules/express/lib/router/index.js:335:12)'
  }
}{
  message: 'token error',
  time: 1665252421181,
  code: 408,
  stackTrace: {
    stack: 'TokenError: token error\n' +
      '    at _callee$ (/server/src/middlewares/checkToken.js:27:10)\n' +
      '    at tryCatch (/server/node_modules/regenerator-runtime/runtime.js:63:40)\n' +
      '    at Generator.invoke [as _invoke] (/server/node_modules/regenerator-runtime/runtime.js:293:22)\n' +
      '    at Generator.next (/server/node_modules/regenerator-runtime/runtime.js:118:21)\n' +
      '    at asyncGeneratorStep (/server/src/middlewares/checkToken.js:3:103)\n' +
      '    at _next (/server/src/middlewares/checkToken.js:5:194)\n' +
      '    at /server/src/middlewares/checkToken.js:5:364\n' +
      '    at new Promise (<anonymous>)\n' +
      '    at /server/src/middlewares/checkToken.js:5:97\n' +
      '    at /server/src/middlewares/checkToken.js:7:1\n' +
      '    at Layer.handle [as handle_request] (/server/node_modules/express/lib/router/layer.js:95:5)\n' +
      '    at next (/server/node_modules/express/lib/router/route.js:137:13)\n' +
      '    at Route.dispatch (/server/node_modules/express/lib/router/route.js:112:3)\n' +
      '    at Layer.handle [as handle_request] (/server/node_modules/express/lib/router/layer.js:95:5)\n' +
      '    at /server/node_modules/express/lib/router/index.js:281:22\n' +
      '    at Function.process_params (/server/node_modules/express/lib/router/index.js:335:12)'
  }
}{
  message: 'token error',
  time: 1665252422616,
  code: 408,
  stackTrace: {
    stack: 'TokenError: token error\n' +
      '    at _callee$ (/server/src/middlewares/checkToken.js:27:10)\n' +
      '    at tryCatch (/server/node_modules/regenerator-runtime/runtime.js:63:40)\n' +
      '    at Generator.invoke [as _invoke] (/server/node_modules/regenerator-runtime/runtime.js:293:22)\n' +
      '    at Generator.next (/server/node_modules/regenerator-runtime/runtime.js:118:21)\n' +
      '    at asyncGeneratorStep (/server/src/middlewares/checkToken.js:3:103)\n' +
      '    at _next (/server/src/middlewares/checkToken.js:5:194)\n' +
      '    at /server/src/middlewares/checkToken.js:5:364\n' +
      '    at new Promise (<anonymous>)\n' +
      '    at /server/src/middlewares/checkToken.js:5:97\n' +
      '    at /server/src/middlewares/checkToken.js:7:1\n' +
      '    at Layer.handle [as handle_request] (/server/node_modules/express/lib/router/layer.js:95:5)\n' +
      '    at next (/server/node_modules/express/lib/router/route.js:137:13)\n' +
      '    at Route.dispatch (/server/node_modules/express/lib/router/route.js:112:3)\n' +
      '    at Layer.handle [as handle_request] (/server/node_modules/express/lib/router/layer.js:95:5)\n' +
      '    at /server/node_modules/express/lib/router/index.js:281:22\n' +
      '    at Function.process_params (/server/node_modules/express/lib/router/index.js:335:12)'
  }
}{
  message: 'token error',
  time: 1665252422623,
  code: 408,
  stackTrace: {
    stack: 'TokenError: token error\n' +
      '    at _callee$ (/server/src/middlewares/checkToken.js:27:10)\n' +
      '    at tryCatch (/server/node_modules/regenerator-runtime/runtime.js:63:40)\n' +
      '    at Generator.invoke [as _invoke] (/server/node_modules/regenerator-runtime/runtime.js:293:22)\n' +
      '    at Generator.next (/server/node_modules/regenerator-runtime/runtime.js:118:21)\n' +
      '    at asyncGeneratorStep (/server/src/middlewares/checkToken.js:3:103)\n' +
      '    at _next (/server/src/middlewares/checkToken.js:5:194)\n' +
      '    at /server/src/middlewares/checkToken.js:5:364\n' +
      '    at new Promise (<anonymous>)\n' +
      '    at /server/src/middlewares/checkToken.js:5:97\n' +
      '    at /server/src/middlewares/checkToken.js:7:1\n' +
      '    at Layer.handle [as handle_request] (/server/node_modules/express/lib/router/layer.js:95:5)\n' +
      '    at next (/server/node_modules/express/lib/router/route.js:137:13)\n' +
      '    at Route.dispatch (/server/node_modules/express/lib/router/route.js:112:3)\n' +
      '    at Layer.handle [as handle_request] (/server/node_modules/express/lib/router/layer.js:95:5)\n' +
      '    at /server/node_modules/express/lib/router/index.js:281:22\n' +
      '    at Function.process_params (/server/node_modules/express/lib/router/index.js:335:12)'
  }
}{
  message: 'token error',
  time: 1665252422631,
  code: 408,
  stackTrace: {
    stack: 'TokenError: token error\n' +
      '    at _callee$ (/server/src/middlewares/checkToken.js:27:10)\n' +
      '    at tryCatch (/server/node_modules/regenerator-runtime/runtime.js:63:40)\n' +
      '    at Generator.invoke [as _invoke] (/server/node_modules/regenerator-runtime/runtime.js:293:22)\n' +
      '    at Generator.next (/server/node_modules/regenerator-runtime/runtime.js:118:21)\n' +
      '    at asyncGeneratorStep (/server/src/middlewares/checkToken.js:3:103)\n' +
      '    at _next (/server/src/middlewares/checkToken.js:5:194)\n' +
      '    at /server/src/middlewares/checkToken.js:5:364\n' +
      '    at new Promise (<anonymous>)\n' +
      '    at /server/src/middlewares/checkToken.js:5:97\n' +
      '    at /server/src/middlewares/checkToken.js:7:1\n' +
      '    at Layer.handle [as handle_request] (/server/node_modules/express/lib/router/layer.js:95:5)\n' +
      '    at next (/server/node_modules/express/lib/router/route.js:137:13)\n' +
      '    at Route.dispatch (/server/node_modules/express/lib/router/route.js:112:3)\n' +
      '    at Layer.handle [as handle_request] (/server/node_modules/express/lib/router/layer.js:95:5)\n' +
      '    at /server/node_modules/express/lib/router/index.js:281:22\n' +
      '    at Function.process_params (/server/node_modules/express/lib/router/index.js:335:12)'
  }
}{
  message: 'token error',
  time: 1665252424544,
  code: 408,
  stackTrace: {
    stack: 'TokenError: token error\n' +
      '    at _callee$ (/server/src/middlewares/checkToken.js:27:10)\n' +
      '    at tryCatch (/server/node_modules/regenerator-runtime/runtime.js:63:40)\n' +
      '    at Generator.invoke [as _invoke] (/server/node_modules/regenerator-runtime/runtime.js:293:22)\n' +
      '    at Generator.next (/server/node_modules/regenerator-runtime/runtime.js:118:21)\n' +
      '    at asyncGeneratorStep (/server/src/middlewares/checkToken.js:3:103)\n' +
      '    at _next (/server/src/middlewares/checkToken.js:5:194)\n' +
      '    at /server/src/middlewares/checkToken.js:5:364\n' +
      '    at new Promise (<anonymous>)\n' +
      '    at /server/src/middlewares/checkToken.js:5:97\n' +
      '    at /server/src/middlewares/checkToken.js:7:1\n' +
      '    at Layer.handle [as handle_request] (/server/node_modules/express/lib/router/layer.js:95:5)\n' +
      '    at next (/server/node_modules/express/lib/router/route.js:137:13)\n' +
      '    at Route.dispatch (/server/node_modules/express/lib/router/route.js:112:3)\n' +
      '    at Layer.handle [as handle_request] (/server/node_modules/express/lib/router/layer.js:95:5)\n' +
      '    at /server/node_modules/express/lib/router/index.js:281:22\n' +
      '    at Function.process_params (/server/node_modules/express/lib/router/index.js:335:12)'
  }
}{
  message: 'token error',
  time: 1665252424551,
  code: 408,
  stackTrace: {
    stack: 'TokenError: token error\n' +
      '    at _callee$ (/server/src/middlewares/checkToken.js:27:10)\n' +
      '    at tryCatch (/server/node_modules/regenerator-runtime/runtime.js:63:40)\n' +
      '    at Generator.invoke [as _invoke] (/server/node_modules/regenerator-runtime/runtime.js:293:22)\n' +
      '    at Generator.next (/server/node_modules/regenerator-runtime/runtime.js:118:21)\n' +
      '    at asyncGeneratorStep (/server/src/middlewares/checkToken.js:3:103)\n' +
      '    at _next (/server/src/middlewares/checkToken.js:5:194)\n' +
      '    at /server/src/middlewares/checkToken.js:5:364\n' +
      '    at new Promise (<anonymous>)\n' +
      '    at /server/src/middlewares/checkToken.js:5:97\n' +
      '    at /server/src/middlewares/checkToken.js:7:1\n' +
      '    at Layer.handle [as handle_request] (/server/node_modules/express/lib/router/layer.js:95:5)\n' +
      '    at next (/server/node_modules/express/lib/router/route.js:137:13)\n' +
      '    at Route.dispatch (/server/node_modules/express/lib/router/route.js:112:3)\n' +
      '    at Layer.handle [as handle_request] (/server/node_modules/express/lib/router/layer.js:95:5)\n' +
      '    at /server/node_modules/express/lib/router/index.js:281:22\n' +
      '    at Function.process_params (/server/node_modules/express/lib/router/index.js:335:12)'
  }
}{
  message: 'token error',
  time: 1665252424562,
  code: 408,
  stackTrace: {
    stack: 'TokenError: token error\n' +
      '    at _callee$ (/server/src/middlewares/checkToken.js:27:10)\n' +
      '    at tryCatch (/server/node_modules/regenerator-runtime/runtime.js:63:40)\n' +
      '    at Generator.invoke [as _invoke] (/server/node_modules/regenerator-runtime/runtime.js:293:22)\n' +
      '    at Generator.next (/server/node_modules/regenerator-runtime/runtime.js:118:21)\n' +
      '    at asyncGeneratorStep (/server/src/middlewares/checkToken.js:3:103)\n' +
      '    at _next (/server/src/middlewares/checkToken.js:5:194)\n' +
      '    at /server/src/middlewares/checkToken.js:5:364\n' +
      '    at new Promise (<anonymous>)\n' +
      '    at /server/src/middlewares/checkToken.js:5:97\n' +
      '    at /server/src/middlewares/checkToken.js:7:1\n' +
      '    at Layer.handle [as handle_request] (/server/node_modules/express/lib/router/layer.js:95:5)\n' +
      '    at next (/server/node_modules/express/lib/router/route.js:137:13)\n' +
      '    at Route.dispatch (/server/node_modules/express/lib/router/route.js:112:3)\n' +
      '    at Layer.handle [as handle_request] (/server/node_modules/express/lib/router/layer.js:95:5)\n' +
      '    at /server/node_modules/express/lib/router/index.js:281:22\n' +
      '    at Function.process_params (/server/node_modules/express/lib/router/index.js:335:12)'
  }
}{
  message: 'token error',
  time: 1665252470912,
  code: 408,
  stackTrace: {
    stack: 'TokenError: token error\n' +
      '    at _callee$ (/server/src/middlewares/checkToken.js:27:10)\n' +
      '    at tryCatch (/server/node_modules/regenerator-runtime/runtime.js:63:40)\n' +
      '    at Generator.invoke [as _invoke] (/server/node_modules/regenerator-runtime/runtime.js:293:22)\n' +
      '    at Generator.next (/server/node_modules/regenerator-runtime/runtime.js:118:21)\n' +
      '    at asyncGeneratorStep (/server/src/middlewares/checkToken.js:3:103)\n' +
      '    at _next (/server/src/middlewares/checkToken.js:5:194)\n' +
      '    at /server/src/middlewares/checkToken.js:5:364\n' +
      '    at new Promise (<anonymous>)\n' +
      '    at /server/src/middlewares/checkToken.js:5:97\n' +
      '    at /server/src/middlewares/checkToken.js:7:1\n' +
      '    at Layer.handle [as handle_request] (/server/node_modules/express/lib/router/layer.js:95:5)\n' +
      '    at next (/server/node_modules/express/lib/router/route.js:137:13)\n' +
      '    at Route.dispatch (/server/node_modules/express/lib/router/route.js:112:3)\n' +
      '    at Layer.handle [as handle_request] (/server/node_modules/express/lib/router/layer.js:95:5)\n' +
      '    at /server/node_modules/express/lib/router/index.js:281:22\n' +
      '    at Function.process_params (/server/node_modules/express/lib/router/index.js:335:12)'
  }
}{
  message: 'token error',
  time: 1665252470923,
  code: 408,
  stackTrace: {
    stack: 'TokenError: token error\n' +
      '    at _callee$ (/server/src/middlewares/checkToken.js:27:10)\n' +
      '    at tryCatch (/server/node_modules/regenerator-runtime/runtime.js:63:40)\n' +
      '    at Generator.invoke [as _invoke] (/server/node_modules/regenerator-runtime/runtime.js:293:22)\n' +
      '    at Generator.next (/server/node_modules/regenerator-runtime/runtime.js:118:21)\n' +
      '    at asyncGeneratorStep (/server/src/middlewares/checkToken.js:3:103)\n' +
      '    at _next (/server/src/middlewares/checkToken.js:5:194)\n' +
      '    at /server/src/middlewares/checkToken.js:5:364\n' +
      '    at new Promise (<anonymous>)\n' +
      '    at /server/src/middlewares/checkToken.js:5:97\n' +
      '    at /server/src/middlewares/checkToken.js:7:1\n' +
      '    at Layer.handle [as handle_request] (/server/node_modules/express/lib/router/layer.js:95:5)\n' +
      '    at next (/server/node_modules/express/lib/router/route.js:137:13)\n' +
      '    at Route.dispatch (/server/node_modules/express/lib/router/route.js:112:3)\n' +
      '    at Layer.handle [as handle_request] (/server/node_modules/express/lib/router/layer.js:95:5)\n' +
      '    at /server/node_modules/express/lib/router/index.js:281:22\n' +
      '    at Function.process_params (/server/node_modules/express/lib/router/index.js:335:12)'
  }
}{
  message: 'token error',
  time: 1665252493813,
  code: 408,
  stackTrace: {
    stack: 'TokenError: token error\n' +
      '    at _callee$ (/server/src/middlewares/checkToken.js:27:10)\n' +
      '    at tryCatch (/server/node_modules/regenerator-runtime/runtime.js:63:40)\n' +
      '    at Generator.invoke [as _invoke] (/server/node_modules/regenerator-runtime/runtime.js:293:22)\n' +
      '    at Generator.next (/server/node_modules/regenerator-runtime/runtime.js:118:21)\n' +
      '    at asyncGeneratorStep (/server/src/middlewares/checkToken.js:3:103)\n' +
      '    at _next (/server/src/middlewares/checkToken.js:5:194)\n' +
      '    at /server/src/middlewares/checkToken.js:5:364\n' +
      '    at new Promise (<anonymous>)\n' +
      '    at /server/src/middlewares/checkToken.js:5:97\n' +
      '    at /server/src/middlewares/checkToken.js:7:1\n' +
      '    at Layer.handle [as handle_request] (/server/node_modules/express/lib/router/layer.js:95:5)\n' +
      '    at next (/server/node_modules/express/lib/router/route.js:137:13)\n' +
      '    at Route.dispatch (/server/node_modules/express/lib/router/route.js:112:3)\n' +
      '    at Layer.handle [as handle_request] (/server/node_modules/express/lib/router/layer.js:95:5)\n' +
      '    at /server/node_modules/express/lib/router/index.js:281:22\n' +
      '    at Function.process_params (/server/node_modules/express/lib/router/index.js:335:12)'
  }
}{
  message: 'token error',
  time: 1665252493827,
  code: 408,
  stackTrace: {
    stack: 'TokenError: token error\n' +
      '    at _callee$ (/server/src/middlewares/checkToken.js:27:10)\n' +
      '    at tryCatch (/server/node_modules/regenerator-runtime/runtime.js:63:40)\n' +
      '    at Generator.invoke [as _invoke] (/server/node_modules/regenerator-runtime/runtime.js:293:22)\n' +
      '    at Generator.next (/server/node_modules/regenerator-runtime/runtime.js:118:21)\n' +
      '    at asyncGeneratorStep (/server/src/middlewares/checkToken.js:3:103)\n' +
      '    at _next (/server/src/middlewares/checkToken.js:5:194)\n' +
      '    at /server/src/middlewares/checkToken.js:5:364\n' +
      '    at new Promise (<anonymous>)\n' +
      '    at /server/src/middlewares/checkToken.js:5:97\n' +
      '    at /server/src/middlewares/checkToken.js:7:1\n' +
      '    at Layer.handle [as handle_request] (/server/node_modules/express/lib/router/layer.js:95:5)\n' +
      '    at next (/server/node_modules/express/lib/router/route.js:137:13)\n' +
      '    at Route.dispatch (/server/node_modules/express/lib/router/route.js:112:3)\n' +
      '    at Layer.handle [as handle_request] (/server/node_modules/express/lib/router/layer.js:95:5)\n' +
      '    at /server/node_modules/express/lib/router/index.js:281:22\n' +
      '    at Function.process_params (/server/node_modules/express/lib/router/index.js:335:12)'
  }
}{
  message: 'token error',
  time: 1665252500293,
  code: 408,
  stackTrace: {
    stack: 'TokenError: token error\n' +
      '    at _callee$ (/server/src/middlewares/checkToken.js:27:10)\n' +
      '    at tryCatch (/server/node_modules/regenerator-runtime/runtime.js:63:40)\n' +
      '    at Generator.invoke [as _invoke] (/server/node_modules/regenerator-runtime/runtime.js:293:22)\n' +
      '    at Generator.next (/server/node_modules/regenerator-runtime/runtime.js:118:21)\n' +
      '    at asyncGeneratorStep (/server/src/middlewares/checkToken.js:3:103)\n' +
      '    at _next (/server/src/middlewares/checkToken.js:5:194)\n' +
      '    at /server/src/middlewares/checkToken.js:5:364\n' +
      '    at new Promise (<anonymous>)\n' +
      '    at /server/src/middlewares/checkToken.js:5:97\n' +
      '    at /server/src/middlewares/checkToken.js:7:1\n' +
      '    at Layer.handle [as handle_request] (/server/node_modules/express/lib/router/layer.js:95:5)\n' +
      '    at next (/server/node_modules/express/lib/router/route.js:137:13)\n' +
      '    at Route.dispatch (/server/node_modules/express/lib/router/route.js:112:3)\n' +
      '    at Layer.handle [as handle_request] (/server/node_modules/express/lib/router/layer.js:95:5)\n' +
      '    at /server/node_modules/express/lib/router/index.js:281:22\n' +
      '    at Function.process_params (/server/node_modules/express/lib/router/index.js:335:12)'
  }
}